<?xml version="1.0" encoding="UTF-8"?>
<!-- Generated by org.testng.reporters.JUnitXMLReporter -->
<testsuite hostname="DESKTOP-LE9U86J" name="Default test" tests="3" failures="0" timestamp="9 Mar 2020 12:58:52 GMT" time="37.53" errors="0">
  <testcase name="loginPageTitleTest" time="0.601" classname="com.jbk.Eproc.TestCases.LoginPageTest"/>
  <testcase name="loginPageLogoTest" time="0.524" classname="com.jbk.Eproc.TestCases.LoginPageTest"/>
  <testcase name="loginTest" time="0.894" classname="com.jbk.Eproc.TestCases.LoginPageTest"/>
</testsuite> <!-- Default test -->
