<?xml version="1.0" encoding="UTF-8"?>
<!-- Generated by org.testng.reporters.JUnitXMLReporter -->
<testsuite hostname="DESKTOP-LE9U86J" name="Default test" tests="4" failures="0" timestamp="11 Mar 2020 09:17:19 GMT" time="50.906" errors="0">
  <testcase name="loginPageTitleTest" time="0.431" classname="com.jbk.Eproc.TestCases.LoginPageTest"/>
  <testcase name="loginPageLogoTest" time="0.464" classname="com.jbk.Eproc.TestCases.LoginPageTest"/>
  <testcase name="checkRegistrationPageTitleTest" time="0.636" classname="com.jbk.Eproc.TestCases.RegistrationPageTest"/>
  <testcase name="checkRegistrationPageHeaderTest" time="0.818" classname="com.jbk.Eproc.TestCases.RegistrationPageTest"/>
</testsuite> <!-- Default test -->
