<?xml version="1.0" encoding="UTF-8"?>
<testng-results skipped="0" failed="0" total="3" passed="3">
  <reporter-output>
  </reporter-output>
  <suite name="Default suite" duration-ms="37530" started-at="2020-03-09T12:58:14Z" finished-at="2020-03-09T12:58:52Z">
    <groups>
    </groups>
    <test name="Default test" duration-ms="37530" started-at="2020-03-09T12:58:14Z" finished-at="2020-03-09T12:58:52Z">
      <class name="com.jbk.Eproc.TestCases.LoginPageTest">
        <test-method status="PASS" signature="loadProperties()[pri:0, instance:com.jbk.Eproc.TestCases.LoginPageTest@1969fbe]" name="loadProperties" is-config="true" duration-ms="12" started-at="2020-03-09T18:28:14Z" finished-at="2020-03-09T18:28:14Z">
          <reporter-output>
          </reporter-output>
        </test-method> <!-- loadProperties -->
        <test-method status="PASS" signature="initialiseExtentReport()[pri:0, instance:com.jbk.Eproc.TestCases.LoginPageTest@1969fbe]" name="initialiseExtentReport" is-config="true" duration-ms="261" started-at="2020-03-09T18:28:14Z" depends-on-methods="com.jbk.Eproc.Base.Base.loadProperties" finished-at="2020-03-09T18:28:14Z">
          <reporter-output>
          </reporter-output>
        </test-method> <!-- initialiseExtentReport -->
        <test-method status="PASS" signature="parentSetup()[pri:0, instance:com.jbk.Eproc.TestCases.LoginPageTest@1969fbe]" name="parentSetup" is-config="true" duration-ms="6" started-at="2020-03-09T18:28:14Z" finished-at="2020-03-09T18:28:14Z">
          <reporter-output>
          </reporter-output>
        </test-method> <!-- parentSetup -->
        <test-method status="PASS" signature="openBrowser(java.lang.reflect.Method)[pri:0, instance:com.jbk.Eproc.TestCases.LoginPageTest@1969fbe]" name="openBrowser" is-config="true" duration-ms="11350" started-at="2020-03-09T18:28:14Z" finished-at="2020-03-09T18:28:25Z">
          <params>
            <param index="0">
              <value>
                <![CDATA[public void com.jbk.Eproc.TestCases.LoginPageTest.loginPageTitleTest()]]>
              </value>
            </param>
          </params>
          <reporter-output>
          </reporter-output>
        </test-method> <!-- openBrowser -->
        <test-method status="PASS" signature="loginPageTitleTest()[pri:0, instance:com.jbk.Eproc.TestCases.LoginPageTest@1969fbe]" name="loginPageTitleTest" duration-ms="601" started-at="2020-03-09T18:28:25Z" finished-at="2020-03-09T18:28:26Z">
          <reporter-output>
          </reporter-output>
        </test-method> <!-- loginPageTitleTest -->
        <test-method status="PASS" signature="closeBrowser()[pri:0, instance:com.jbk.Eproc.TestCases.LoginPageTest@1969fbe]" name="closeBrowser" is-config="true" duration-ms="1056" started-at="2020-03-09T18:28:26Z" finished-at="2020-03-09T18:28:27Z">
          <reporter-output>
          </reporter-output>
        </test-method> <!-- closeBrowser -->
        <test-method status="PASS" signature="openBrowser(java.lang.reflect.Method)[pri:0, instance:com.jbk.Eproc.TestCases.LoginPageTest@1969fbe]" name="openBrowser" is-config="true" duration-ms="10855" started-at="2020-03-09T18:28:27Z" finished-at="2020-03-09T18:28:38Z">
          <params>
            <param index="0">
              <value>
                <![CDATA[public void com.jbk.Eproc.TestCases.LoginPageTest.loginPageLogoTest()]]>
              </value>
            </param>
          </params>
          <reporter-output>
          </reporter-output>
        </test-method> <!-- openBrowser -->
        <test-method status="PASS" signature="loginPageLogoTest()[pri:0, instance:com.jbk.Eproc.TestCases.LoginPageTest@1969fbe]" name="loginPageLogoTest" duration-ms="524" started-at="2020-03-09T18:28:38Z" finished-at="2020-03-09T18:28:38Z">
          <reporter-output>
          </reporter-output>
        </test-method> <!-- loginPageLogoTest -->
        <test-method status="PASS" signature="closeBrowser()[pri:0, instance:com.jbk.Eproc.TestCases.LoginPageTest@1969fbe]" name="closeBrowser" is-config="true" duration-ms="766" started-at="2020-03-09T18:28:38Z" finished-at="2020-03-09T18:28:39Z">
          <reporter-output>
          </reporter-output>
        </test-method> <!-- closeBrowser -->
        <test-method status="PASS" signature="openBrowser(java.lang.reflect.Method)[pri:0, instance:com.jbk.Eproc.TestCases.LoginPageTest@1969fbe]" name="openBrowser" is-config="true" duration-ms="10574" started-at="2020-03-09T18:28:39Z" finished-at="2020-03-09T18:28:50Z">
          <params>
            <param index="0">
              <value>
                <![CDATA[public void com.jbk.Eproc.TestCases.LoginPageTest.loginTest()]]>
              </value>
            </param>
          </params>
          <reporter-output>
          </reporter-output>
        </test-method> <!-- openBrowser -->
        <test-method status="PASS" signature="loginTest()[pri:0, instance:com.jbk.Eproc.TestCases.LoginPageTest@1969fbe]" name="loginTest" duration-ms="894" started-at="2020-03-09T18:28:50Z" finished-at="2020-03-09T18:28:51Z">
          <reporter-output>
          </reporter-output>
        </test-method> <!-- loginTest -->
        <test-method status="PASS" signature="closeBrowser()[pri:0, instance:com.jbk.Eproc.TestCases.LoginPageTest@1969fbe]" name="closeBrowser" is-config="true" duration-ms="879" started-at="2020-03-09T18:28:51Z" finished-at="2020-03-09T18:28:52Z">
          <reporter-output>
          </reporter-output>
        </test-method> <!-- closeBrowser -->
        <test-method status="PASS" signature="endReport()[pri:0, instance:com.jbk.Eproc.TestCases.LoginPageTest@1969fbe]" name="endReport" is-config="true" duration-ms="461" started-at="2020-03-09T18:28:52Z" finished-at="2020-03-09T18:28:52Z">
          <reporter-output>
          </reporter-output>
        </test-method> <!-- endReport -->
      </class> <!-- com.jbk.Eproc.TestCases.LoginPageTest -->
    </test> <!-- Default test -->
  </suite> <!-- Default suite -->
</testng-results>
